<?xml version="1.0" encoding="UTF-8"?>
<testsuite name="AuthServiceTest" tests="4" skipped="0" failures="0" errors="0" timestamp="2024-05-17T16:26:45" hostname="MacBook-Air-Dasha.local" time="0.249">
  <properties/>
  <testcase name="testRegister()" classname="AuthServiceTest" time="0.234"/>
  <testcase name="testAddParams()" classname="AuthServiceTest" time="0.002"/>
  <testcase name="testGetParams()" classname="AuthServiceTest" time="0.001"/>
  <testcase name="testRegisterWithExistingUser()" classname="AuthServiceTest" time="0.009"/>
  <system-out><![CDATA[1
]]></system-out>
  <system-err><![CDATA[]]></system-err>
</testsuite>
